<?xml version="1.0" encoding="UTF-8"?>
<!-- Generated by org.testng.reporters.JUnitReportReporter -->
<testsuite hostname="CHNMCT403078L" failures="1" tests="14" name="Assignments.Selenium_Basic_Assign_1" time="61.246" errors="0" timestamp="2025-01-01T17:43:57 IST" skipped="0">
  <testcase classname="Assignments.Selenium_Basic_Assign_1" name="T1_WebPageTitle" time="2.693"/>
  <testcase classname="Assignments.Selenium_Basic_Assign_1" name="T2_radioButtonSelection" time="0.651"/>
  <testcase classname="Assignments.Selenium_Basic_Assign_1" name="T3_suggestionClassTest" time="7.132"/>
  <testcase classname="Assignments.Selenium_Basic_Assign_1" name="T4_dropdownSelection" time="0.926"/>
  <testcase classname="Assignments.Selenium_Basic_Assign_1" name="T5_checkboxSelection" time="0.688"/>
  <testcase classname="Assignments.Selenium_Basic_Assign_1" name="T6_switchWindow" time="8.760"/>
  <testcase classname="Assignments.Selenium_Basic_Assign_1" name="T7_switchTab" time="9.844"/>
  <testcase classname="Assignments.Selenium_Basic_Assign_1" name="T8_switchAlertAccept" time="6.884"/>
  <testcase classname="Assignments.Selenium_Basic_Assign_1" name="T9_switchAlertDismiss" time="3.589"/>
  <testcase classname="Assignments.Selenium_Basic_Assign_1" name="T10_checkboxDeselection" time="0.517">
    <failure message="Checkbox 1 not selected expected [true] but found [false]" type="java.lang.AssertionError">
      <![CDATA[java.lang.AssertionError: Checkbox 1 not selected expected [true] but found [false]
at org.testng.Assert.fail(Assert.java:111)
at org.testng.Assert.failNotEquals(Assert.java:1578)
at org.testng.Assert.assertTrue(Assert.java:57)
at Assignments.Selenium_Basic_Assign_1.T10_checkboxDeselection(Selenium_Basic_Assign_1.java:204)
at java.base/jdk.internal.reflect.NativeMethodAccessorImpl.invoke0(Native Method)
at java.base/jdk.internal.reflect.NativeMethodAccessorImpl.invoke(NativeMethodAccessorImpl.java:77)
at java.base/jdk.internal.reflect.DelegatingMethodAccessorImpl.invoke(DelegatingMethodAccessorImpl.java:43)
at java.base/java.lang.reflect.Method.invoke(Method.java:568)
at org.testng.internal.invokers.MethodInvocationHelper.invokeMethod(MethodInvocationHelper.java:141)
at org.testng.internal.invokers.TestInvoker.invokeMethod(TestInvoker.java:686)
at org.testng.internal.invokers.TestInvoker.invokeTestMethod(TestInvoker.java:230)
at org.testng.internal.invokers.MethodRunner.runInSequence(MethodRunner.java:63)
at org.testng.internal.invokers.TestInvoker$MethodInvocationAgent.invoke(TestInvoker.java:992)
at org.testng.internal.invokers.TestInvoker.invokeTestMethods(TestInvoker.java:203)
at org.testng.internal.invokers.TestMethodWorker.invokeTestMethods(TestMethodWorker.java:154)
at org.testng.internal.invokers.TestMethodWorker.run(TestMethodWorker.java:134)
at java.base/java.util.ArrayList.forEach(ArrayList.java:1511)
at org.testng.TestRunner.privateRun(TestRunner.java:739)
at org.testng.TestRunner.run(TestRunner.java:614)
at org.testng.SuiteRunner.runTest(SuiteRunner.java:421)
at org.testng.SuiteRunner.runSequentially(SuiteRunner.java:413)
at org.testng.SuiteRunner.privateRun(SuiteRunner.java:373)
at org.testng.SuiteRunner.run(SuiteRunner.java:312)
at org.testng.SuiteRunnerWorker.runSuite(SuiteRunnerWorker.java:52)
at org.testng.SuiteRunnerWorker.run(SuiteRunnerWorker.java:95)
at org.testng.TestNG.runSuitesSequentially(TestNG.java:1274)
at org.testng.TestNG.runSuitesLocally(TestNG.java:1208)
at org.testng.TestNG.runSuites(TestNG.java:1112)
at org.testng.TestNG.run(TestNG.java:1079)
at org.testng.remote.AbstractRemoteTestNG.run(AbstractRemoteTestNG.java:115)
at org.testng.remote.RemoteTestNG.initAndRun(RemoteTestNG.java:293)
at org.testng.remote.RemoteTestNG.main(RemoteTestNG.java:91)
]]>
    </failure>
  </testcase> <!-- T10_checkboxDeselection -->
  <testcase classname="Assignments.Selenium_Basic_Assign_1" name="T11_dropdownVerification" time="8.699"/>
  <testcase classname="Assignments.Selenium_Basic_Assign_1" name="T12_mouseOverAction" time="1.345"/>
  <testcase classname="Assignments.Selenium_Basic_Assign_1" name="T13_iframeHandling" time="0.695"/>
  <testcase classname="Assignments.Selenium_Basic_Assign_1" name="T14_webTableFixedHeader" time="8.823"/>
</testsuite> <!-- Assignments.Selenium_Basic_Assign_1 -->
